[debug] ----------------------------------------------------------------------
[debug] Command:      /usr/local/Cellar/node/7.0.0/bin/node /usr/local/bin/firebase deploy
[debug] CLI Version:  3.2.1
[debug] Platform:     darwin
[debug] Node Version: v7.0.0
[debug] Time:         Tue Jan 03 2017 12:11:35 GMT+0300 (EAT)
[debug] ----------------------------------------------------------------------
[debug] 
[debug] > command requires scopes: ["email","openid","https://www.googleapis.com/auth/cloudplatformprojects.readonly","https://www.googleapis.com/auth/firebase"]
[debug] >>> HTTP REQUEST GET https://admin.firebase.com/v1/projects/wishlist-b9b94 
[debug] <<< HTTP RESPONSE 200
[debug] >>> HTTP REQUEST GET https://admin.firebase.com/v1/database/wishlist-b9b94/tokens 
[debug] <<< HTTP RESPONSE 200
[info] 
[info] === Deploying to 'wishlist-b9b94'...
[info] 
[info] i  deploying hosting
[info] ✔  database: rules ready to deploy.
[info] i  hosting: preparing dist directory for upload...
[debug] >>> HTTP REQUEST PUT https://deploy.firebase.com/v1/hosting/wishlist-b9b94/uploads/-K_YaJ9u2PhijoelSCpI?fileCount=50&message= 
